<?xml version="1.0" encoding="UTF-8"?>
<!-- Generated by org.testng.reporters.JUnitReportReporter -->
<testsuite hostname="DESKTOP-T1A7R18" failures="0" tests="1" name="bills2u_root.Root_Class_TestNG" time="260.730" errors="0" timestamp="2021-04-15T10:30:16 IST" skipped="0">
  <testcase classname="bills2u_root.Root_Class_TestNG" name="DashboardTest" time="260.730"/>
  <system-out/>
</testsuite> <!-- bills2u_root.Root_Class_TestNG -->
